[2026-03-15T12:22:02.314+0000] {taskinstance.py:1956} INFO - Dependencies all met for dep_context=non-requeueable deps ti=<TaskInstance: ingestion_pipeline.ingest_all_tables manual__2026-03-15T12:22:00.949152+00:00 [queued]>
[2026-03-15T12:22:02.340+0000] {taskinstance.py:1956} INFO - Dependencies all met for dep_context=requeueable deps ti=<TaskInstance: ingestion_pipeline.ingest_all_tables manual__2026-03-15T12:22:00.949152+00:00 [queued]>
[2026-03-15T12:22:02.341+0000] {taskinstance.py:2170} INFO - Starting attempt 1 of 2
[2026-03-15T12:22:02.392+0000] {taskinstance.py:2191} INFO - Executing <Task(PythonOperator): ingest_all_tables> on 2026-03-15 12:22:00.949152+00:00
[2026-03-15T12:22:02.405+0000] {standard_task_runner.py:60} INFO - Started process 901 to run task
[2026-03-15T12:22:02.413+0000] {standard_task_runner.py:87} INFO - Running: ['airflow', 'tasks', 'run', 'ingestion_pipeline', 'ingest_all_tables', 'manual__2026-03-15T12:22:00.949152+00:00', '--job-id', '12', '--raw', '--subdir', 'DAGS_FOLDER/orchestration_dag.py', '--cfg-path', '/tmp/tmpvalcypz6']
[2026-03-15T12:22:02.419+0000] {standard_task_runner.py:88} INFO - Job 12: Subtask ingest_all_tables
[2026-03-15T12:22:02.602+0000] {task_command.py:423} INFO - Running <TaskInstance: ingestion_pipeline.ingest_all_tables manual__2026-03-15T12:22:00.949152+00:00 [running]> on host 3a186f53669c
[2026-03-15T12:22:02.931+0000] {taskinstance.py:2480} INFO - Exporting env vars: AIRFLOW_CTX_DAG_OWNER='airflow' AIRFLOW_CTX_DAG_ID='ingestion_pipeline' AIRFLOW_CTX_TASK_ID='ingest_all_tables' AIRFLOW_CTX_EXECUTION_DATE='2026-03-15T12:22:00.949152+00:00' AIRFLOW_CTX_TRY_NUMBER='1' AIRFLOW_CTX_DAG_RUN_ID='manual__2026-03-15T12:22:00.949152+00:00'
[2026-03-15T12:22:02.981+0000] {logging_mixin.py:188} INFO - FILE LOADED
[2026-03-15T12:22:03.666+0000] {logging_mixin.py:188} INFO - [OK] MySQL Connection Succeeded
[2026-03-15T12:22:03.667+0000] {logging_mixin.py:188} INFO - [OK] MySQL Connection Succeeded
[2026-03-15T12:22:03.668+0000] {logging_mixin.py:188} INFO - [...] Processing customers_raw
[2026-03-15T12:22:04.206+0000] {logging_mixin.py:188} INFO - Data Inserted
[2026-03-15T12:22:04.207+0000] {logging_mixin.py:188} INFO - [...] Processing sales_raw
[2026-03-15T12:22:04.666+0000] {logging_mixin.py:188} INFO - Data Inserted
[2026-03-15T12:22:04.667+0000] {logging_mixin.py:188} INFO - [...] Processing after_sales_raw
[2026-03-15T12:22:05.014+0000] {logging_mixin.py:188} INFO - Data Inserted
[2026-03-15T12:22:05.015+0000] {logging_mixin.py:188} INFO - [...] Processing customer_addresses
[2026-03-15T12:22:05.409+0000] {logging_mixin.py:188} INFO - Data Inserted
[2026-03-15T12:22:05.411+0000] {logging_mixin.py:188} INFO - [DONE] All Raw Data is ingested
[2026-03-15T12:22:05.412+0000] {python.py:201} INFO - Done. Returned value was: None
[2026-03-15T12:22:05.427+0000] {taskinstance.py:1138} INFO - Marking task as SUCCESS. dag_id=ingestion_pipeline, task_id=ingest_all_tables, execution_date=20260315T122200, start_date=20260315T122202, end_date=20260315T122205
[2026-03-15T12:22:05.522+0000] {local_task_job_runner.py:234} INFO - Task exited with return code 0
[2026-03-15T12:22:05.567+0000] {taskinstance.py:3280} INFO - 1 downstream tasks scheduled from follow-on schedule check
