[2026-03-15T12:26:18.141+0000] {taskinstance.py:1956} INFO - Dependencies all met for dep_context=non-requeueable deps ti=<TaskInstance: ingestion_pipeline.transformation_data manual__2026-03-15T12:16:06.257611+00:00 [queued]>
[2026-03-15T12:26:18.157+0000] {taskinstance.py:1956} INFO - Dependencies all met for dep_context=requeueable deps ti=<TaskInstance: ingestion_pipeline.transformation_data manual__2026-03-15T12:16:06.257611+00:00 [queued]>
[2026-03-15T12:26:18.158+0000] {taskinstance.py:2170} INFO - Starting attempt 2 of 2
[2026-03-15T12:26:18.200+0000] {taskinstance.py:2191} INFO - Executing <Task(PythonOperator): transformation_data> on 2026-03-15 12:16:06.257611+00:00
[2026-03-15T12:26:18.208+0000] {standard_task_runner.py:60} INFO - Started process 958 to run task
[2026-03-15T12:26:18.212+0000] {standard_task_runner.py:87} INFO - Running: ['airflow', 'tasks', 'run', 'ingestion_pipeline', 'transformation_data', 'manual__2026-03-15T12:16:06.257611+00:00', '--job-id', '16', '--raw', '--subdir', 'DAGS_FOLDER/orchestration_dag.py', '--cfg-path', '/tmp/tmpm_nqwcmz']
[2026-03-15T12:26:18.215+0000] {standard_task_runner.py:88} INFO - Job 16: Subtask transformation_data
[2026-03-15T12:26:18.345+0000] {task_command.py:423} INFO - Running <TaskInstance: ingestion_pipeline.transformation_data manual__2026-03-15T12:16:06.257611+00:00 [running]> on host 3a186f53669c
[2026-03-15T12:26:18.514+0000] {taskinstance.py:2480} INFO - Exporting env vars: AIRFLOW_CTX_DAG_OWNER='airflow' AIRFLOW_CTX_DAG_ID='ingestion_pipeline' AIRFLOW_CTX_TASK_ID='transformation_data' AIRFLOW_CTX_EXECUTION_DATE='2026-03-15T12:16:06.257611+00:00' AIRFLOW_CTX_TRY_NUMBER='2' AIRFLOW_CTX_DAG_RUN_ID='manual__2026-03-15T12:16:06.257611+00:00'
[2026-03-15T12:26:19.138+0000] {logging_mixin.py:188} WARNING - /opt/airflow/dags/../scripts/transformation2.py:202 UserWarning: pandas only supports SQLAlchemy connectable (engine/connection) or database string URI or sqlite3 DBAPI2 connection. Other DBAPI2 objects are not tested. Please consider using SQLAlchemy.
[2026-03-15T12:26:19.143+0000] {logging_mixin.py:188} INFO - [INFO] 4 table will be transformed
[2026-03-15T12:26:19.151+0000] {logging_mixin.py:188} INFO - 
=== customers_raw -> Customers (LoadType: FULL) ===
[2026-03-15T12:26:19.153+0000] {logging_mixin.py:188} WARNING - /opt/airflow/dags/../scripts/transformation2.py:175 UserWarning: pandas only supports SQLAlchemy connectable (engine/connection) or database string URI or sqlite3 DBAPI2 connection. Other DBAPI2 objects are not tested. Please consider using SQLAlchemy.
[2026-03-15T12:26:19.157+0000] {logging_mixin.py:188} INFO - [OK] 4 columns from metadata
[2026-03-15T12:26:19.159+0000] {logging_mixin.py:188} WARNING - /opt/airflow/dags/../scripts/transformation2.py:20 UserWarning: pandas only supports SQLAlchemy connectable (engine/connection) or database string URI or sqlite3 DBAPI2 connection. Other DBAPI2 objects are not tested. Please consider using SQLAlchemy.
[2026-03-15T12:26:19.163+0000] {logging_mixin.py:188} INFO - [OK] 6 rows from customers_raw
[2026-03-15T12:26:19.165+0000] {logging_mixin.py:188} INFO - [DDL] CREATE TABLE IF NOT EXISTS `Customers` (`CreatedAt` DATETIME, `DateOfBirth` DATE, `ID` INT, `Name` VARCHAR(255))
[2026-03-15T12:26:19.176+0000] {logging_mixin.py:188} INFO - [OK] Tabel Customers siap
[2026-03-15T12:26:19.178+0000] {logging_mixin.py:188} INFO - [...] Applying standardize_date on DateOfBirth
[2026-03-15T12:26:19.185+0000] {logging_mixin.py:188} INFO - [OK] transformation is done - shape: (6, 4)
[2026-03-15T12:26:19.366+0000] {logging_mixin.py:188} INFO - [OK] Truncate Customers
[2026-03-15T12:26:19.395+0000] {logging_mixin.py:188} INFO - [OK] 6 rows succedeed load in Customers
[2026-03-15T12:26:19.396+0000] {logging_mixin.py:188} INFO - [DONE] Customers done
[2026-03-15T12:26:19.405+0000] {logging_mixin.py:188} INFO - 
=== sales_raw -> Sales (LoadType: FULL) ===
[2026-03-15T12:26:19.407+0000] {logging_mixin.py:188} WARNING - /opt/airflow/dags/../scripts/transformation2.py:175 UserWarning: pandas only supports SQLAlchemy connectable (engine/connection) or database string URI or sqlite3 DBAPI2 connection. Other DBAPI2 objects are not tested. Please consider using SQLAlchemy.
[2026-03-15T12:26:19.410+0000] {logging_mixin.py:188} INFO - [OK] 6 columns from metadata
[2026-03-15T12:26:19.412+0000] {logging_mixin.py:188} WARNING - /opt/airflow/dags/../scripts/transformation2.py:20 UserWarning: pandas only supports SQLAlchemy connectable (engine/connection) or database string URI or sqlite3 DBAPI2 connection. Other DBAPI2 objects are not tested. Please consider using SQLAlchemy.
[2026-03-15T12:26:19.417+0000] {logging_mixin.py:188} INFO - [OK] 5 rows from sales_raw
[2026-03-15T12:26:19.419+0000] {logging_mixin.py:188} INFO - [DDL] CREATE TABLE IF NOT EXISTS `Sales` (`CreatedAt` DATETIME, `CustomerID` INT, `InvoiceDate` DATE, `Model` VARCHAR(50), `Price` DECIMAL(15,2), `Vin` VARCHAR(255))
[2026-03-15T12:26:19.435+0000] {logging_mixin.py:188} INFO - [OK] Tabel Sales siap
[2026-03-15T12:26:19.437+0000] {logging_mixin.py:188} INFO - [...] Applying standardize_date on InvoiceDate
[2026-03-15T12:26:19.440+0000] {logging_mixin.py:188} INFO - [...] Applying standardize_price on Price
[2026-03-15T12:26:19.443+0000] {logging_mixin.py:188} INFO - [OK] transformation is done - shape: (5, 6)
[2026-03-15T12:26:19.641+0000] {logging_mixin.py:188} INFO - [OK] Truncate Sales
[2026-03-15T12:26:19.670+0000] {logging_mixin.py:188} INFO - [OK] 5 rows succedeed load in Sales
[2026-03-15T12:26:19.672+0000] {logging_mixin.py:188} INFO - [DONE] Sales done
[2026-03-15T12:26:19.681+0000] {logging_mixin.py:188} INFO - 
=== after_sales_raw -> AfterSales (LoadType: FULL) ===
[2026-03-15T12:26:19.683+0000] {logging_mixin.py:188} WARNING - /opt/airflow/dags/../scripts/transformation2.py:175 UserWarning: pandas only supports SQLAlchemy connectable (engine/connection) or database string URI or sqlite3 DBAPI2 connection. Other DBAPI2 objects are not tested. Please consider using SQLAlchemy.
[2026-03-15T12:26:19.687+0000] {logging_mixin.py:188} INFO - [OK] 7 columns from metadata
[2026-03-15T12:26:19.689+0000] {logging_mixin.py:188} WARNING - /opt/airflow/dags/../scripts/transformation2.py:20 UserWarning: pandas only supports SQLAlchemy connectable (engine/connection) or database string URI or sqlite3 DBAPI2 connection. Other DBAPI2 objects are not tested. Please consider using SQLAlchemy.
[2026-03-15T12:26:19.692+0000] {logging_mixin.py:188} INFO - [OK] 3 rows from after_sales_raw
[2026-03-15T12:26:19.694+0000] {logging_mixin.py:188} INFO - [DDL] CREATE TABLE IF NOT EXISTS `AfterSales` (`CreatedAt` DATETIME, `CustomerID` INT, `Model` VARCHAR(255), `ServiceDate` DATE, `ServiceTicket` VARCHAR(50), `ServiceType` VARCHAR(50), `Vin` VARCHAR(255))
[2026-03-15T12:26:19.705+0000] {logging_mixin.py:188} INFO - [OK] Tabel AfterSales siap
[2026-03-15T12:26:19.708+0000] {logging_mixin.py:188} INFO - [...] Applying standardize_date on ServiceDate
[2026-03-15T12:26:19.711+0000] {logging_mixin.py:188} INFO - [OK] transformation is done - shape: (3, 7)
[2026-03-15T12:26:19.920+0000] {logging_mixin.py:188} INFO - [OK] Truncate AfterSales
[2026-03-15T12:26:19.948+0000] {logging_mixin.py:188} INFO - [OK] 3 rows succedeed load in AfterSales
[2026-03-15T12:26:19.950+0000] {logging_mixin.py:188} INFO - [DONE] AfterSales done
[2026-03-15T12:26:19.959+0000] {logging_mixin.py:188} INFO - 
=== customer_addresses -> CustomerAddresses (LoadType: FULL) ===
[2026-03-15T12:26:19.962+0000] {logging_mixin.py:188} WARNING - /opt/airflow/dags/../scripts/transformation2.py:175 UserWarning: pandas only supports SQLAlchemy connectable (engine/connection) or database string URI or sqlite3 DBAPI2 connection. Other DBAPI2 objects are not tested. Please consider using SQLAlchemy.
[2026-03-15T12:26:19.967+0000] {logging_mixin.py:188} INFO - [OK] 6 columns from metadata
[2026-03-15T12:26:19.969+0000] {logging_mixin.py:188} WARNING - /opt/airflow/dags/../scripts/transformation2.py:20 UserWarning: pandas only supports SQLAlchemy connectable (engine/connection) or database string URI or sqlite3 DBAPI2 connection. Other DBAPI2 objects are not tested. Please consider using SQLAlchemy.
[2026-03-15T12:26:19.974+0000] {logging_mixin.py:188} INFO - [OK] 4 rows from customer_addresses
[2026-03-15T12:26:19.977+0000] {logging_mixin.py:188} INFO - [DDL] CREATE TABLE IF NOT EXISTS `CustomerAddresses` (`Address` VARCHAR(255), `City` VARCHAR(50), `CreatedAt` DATETIME, `CustomerID` INT, `ID` INT, `Province` VARCHAR(50))
[2026-03-15T12:26:19.989+0000] {logging_mixin.py:188} INFO - [OK] Tabel CustomerAddresses siap
[2026-03-15T12:26:19.993+0000] {logging_mixin.py:188} INFO - [OK] transformation is done - shape: (4, 6)
[2026-03-15T12:26:20.244+0000] {logging_mixin.py:188} INFO - [OK] Truncate CustomerAddresses
[2026-03-15T12:26:20.274+0000] {logging_mixin.py:188} INFO - [OK] 4 rows succedeed load in CustomerAddresses
[2026-03-15T12:26:20.275+0000] {logging_mixin.py:188} INFO - [DONE] CustomerAddresses done
[2026-03-15T12:26:20.277+0000] {python.py:201} INFO - Done. Returned value was: None
[2026-03-15T12:26:20.293+0000] {taskinstance.py:1138} INFO - Marking task as SUCCESS. dag_id=ingestion_pipeline, task_id=transformation_data, execution_date=20260315T121606, start_date=20260315T122618, end_date=20260315T122620
[2026-03-15T12:26:20.397+0000] {local_task_job_runner.py:234} INFO - Task exited with return code 0
[2026-03-15T12:26:20.427+0000] {taskinstance.py:3280} INFO - 1 downstream tasks scheduled from follow-on schedule check
