[2026-03-15T12:34:06.988+0000] {taskinstance.py:1956} INFO - Dependencies all met for dep_context=non-requeueable deps ti=<TaskInstance: ingestion_pipeline.ingest_all_tables manual__2026-03-15T12:34:05.501989+00:00 [queued]>
[2026-03-15T12:34:07.008+0000] {taskinstance.py:1956} INFO - Dependencies all met for dep_context=requeueable deps ti=<TaskInstance: ingestion_pipeline.ingest_all_tables manual__2026-03-15T12:34:05.501989+00:00 [queued]>
[2026-03-15T12:34:07.009+0000] {taskinstance.py:2170} INFO - Starting attempt 1 of 2
[2026-03-15T12:34:07.064+0000] {taskinstance.py:2191} INFO - Executing <Task(PythonOperator): ingest_all_tables> on 2026-03-15 12:34:05.501989+00:00
[2026-03-15T12:34:07.076+0000] {standard_task_runner.py:60} INFO - Started process 1044 to run task
[2026-03-15T12:34:07.089+0000] {standard_task_runner.py:87} INFO - Running: ['airflow', 'tasks', 'run', 'ingestion_pipeline', 'ingest_all_tables', 'manual__2026-03-15T12:34:05.501989+00:00', '--job-id', '18', '--raw', '--subdir', 'DAGS_FOLDER/orchestration_dag.py', '--cfg-path', '/tmp/tmp1sh0d2c2']
[2026-03-15T12:34:07.097+0000] {standard_task_runner.py:88} INFO - Job 18: Subtask ingest_all_tables
[2026-03-15T12:34:07.329+0000] {task_command.py:423} INFO - Running <TaskInstance: ingestion_pipeline.ingest_all_tables manual__2026-03-15T12:34:05.501989+00:00 [running]> on host 3a186f53669c
[2026-03-15T12:34:07.569+0000] {taskinstance.py:2480} INFO - Exporting env vars: AIRFLOW_CTX_DAG_OWNER='airflow' AIRFLOW_CTX_DAG_ID='ingestion_pipeline' AIRFLOW_CTX_TASK_ID='ingest_all_tables' AIRFLOW_CTX_EXECUTION_DATE='2026-03-15T12:34:05.501989+00:00' AIRFLOW_CTX_TRY_NUMBER='1' AIRFLOW_CTX_DAG_RUN_ID='manual__2026-03-15T12:34:05.501989+00:00'
[2026-03-15T12:34:07.602+0000] {logging_mixin.py:188} INFO - FILE LOADED
[2026-03-15T12:34:09.210+0000] {logging_mixin.py:188} INFO - [OK] MySQL Connection Succeeded
[2026-03-15T12:34:09.211+0000] {logging_mixin.py:188} INFO - [OK] MySQL Connection Succeeded
[2026-03-15T12:34:09.212+0000] {logging_mixin.py:188} INFO - [...] Processing customers_raw
[2026-03-15T12:34:09.744+0000] {logging_mixin.py:188} INFO - Data Inserted
[2026-03-15T12:34:09.745+0000] {logging_mixin.py:188} INFO - [...] Processing sales_raw
[2026-03-15T12:34:10.009+0000] {logging_mixin.py:188} INFO - Data Inserted
[2026-03-15T12:34:10.010+0000] {logging_mixin.py:188} INFO - [...] Processing after_sales_raw
[2026-03-15T12:34:10.263+0000] {logging_mixin.py:188} INFO - Data Inserted
[2026-03-15T12:34:10.264+0000] {logging_mixin.py:188} INFO - [...] Processing customer_addresses
[2026-03-15T12:34:10.509+0000] {logging_mixin.py:188} INFO - Data Inserted
[2026-03-15T12:34:10.510+0000] {logging_mixin.py:188} INFO - [DONE] All Raw Data is ingested
[2026-03-15T12:34:10.511+0000] {python.py:201} INFO - Done. Returned value was: None
[2026-03-15T12:34:10.527+0000] {taskinstance.py:1138} INFO - Marking task as SUCCESS. dag_id=ingestion_pipeline, task_id=ingest_all_tables, execution_date=20260315T123405, start_date=20260315T123406, end_date=20260315T123410
[2026-03-15T12:34:10.602+0000] {local_task_job_runner.py:234} INFO - Task exited with return code 0
[2026-03-15T12:34:10.640+0000] {taskinstance.py:3280} INFO - 0 downstream tasks scheduled from follow-on schedule check
