[2026-03-15T12:34:16.463+0000] {taskinstance.py:1956} INFO - Dependencies all met for dep_context=non-requeueable deps ti=<TaskInstance: ingestion_pipeline.ingest_all_tables manual__2026-03-15T12:34:14.924188+00:00 [queued]>
[2026-03-15T12:34:16.478+0000] {taskinstance.py:1956} INFO - Dependencies all met for dep_context=requeueable deps ti=<TaskInstance: ingestion_pipeline.ingest_all_tables manual__2026-03-15T12:34:14.924188+00:00 [queued]>
[2026-03-15T12:34:16.479+0000] {taskinstance.py:2170} INFO - Starting attempt 1 of 2
[2026-03-15T12:34:16.520+0000] {taskinstance.py:2191} INFO - Executing <Task(PythonOperator): ingest_all_tables> on 2026-03-15 12:34:14.924188+00:00
[2026-03-15T12:34:16.532+0000] {standard_task_runner.py:60} INFO - Started process 1053 to run task
[2026-03-15T12:34:16.537+0000] {standard_task_runner.py:87} INFO - Running: ['airflow', 'tasks', 'run', 'ingestion_pipeline', 'ingest_all_tables', 'manual__2026-03-15T12:34:14.924188+00:00', '--job-id', '21', '--raw', '--subdir', 'DAGS_FOLDER/orchestration_dag.py', '--cfg-path', '/tmp/tmpsrr82t3f']
[2026-03-15T12:34:16.540+0000] {standard_task_runner.py:88} INFO - Job 21: Subtask ingest_all_tables
[2026-03-15T12:34:16.648+0000] {task_command.py:423} INFO - Running <TaskInstance: ingestion_pipeline.ingest_all_tables manual__2026-03-15T12:34:14.924188+00:00 [running]> on host 3a186f53669c
[2026-03-15T12:34:16.814+0000] {taskinstance.py:2480} INFO - Exporting env vars: AIRFLOW_CTX_DAG_OWNER='airflow' AIRFLOW_CTX_DAG_ID='ingestion_pipeline' AIRFLOW_CTX_TASK_ID='ingest_all_tables' AIRFLOW_CTX_EXECUTION_DATE='2026-03-15T12:34:14.924188+00:00' AIRFLOW_CTX_TRY_NUMBER='1' AIRFLOW_CTX_DAG_RUN_ID='manual__2026-03-15T12:34:14.924188+00:00'
[2026-03-15T12:34:16.827+0000] {logging_mixin.py:188} INFO - FILE LOADED
[2026-03-15T12:34:17.678+0000] {logging_mixin.py:188} INFO - [OK] MySQL Connection Succeeded
[2026-03-15T12:34:17.679+0000] {logging_mixin.py:188} INFO - [OK] MySQL Connection Succeeded
[2026-03-15T12:34:17.681+0000] {logging_mixin.py:188} INFO - [...] Processing customers_raw
[2026-03-15T12:34:18.178+0000] {logging_mixin.py:188} INFO - Data Inserted
[2026-03-15T12:34:18.179+0000] {logging_mixin.py:188} INFO - [...] Processing sales_raw
[2026-03-15T12:34:18.500+0000] {logging_mixin.py:188} INFO - Data Inserted
[2026-03-15T12:34:18.502+0000] {logging_mixin.py:188} INFO - [...] Processing after_sales_raw
[2026-03-15T12:34:18.785+0000] {logging_mixin.py:188} INFO - Data Inserted
[2026-03-15T12:34:18.790+0000] {logging_mixin.py:188} INFO - [...] Processing customer_addresses
[2026-03-15T12:34:19.069+0000] {logging_mixin.py:188} INFO - Data Inserted
[2026-03-15T12:34:19.071+0000] {logging_mixin.py:188} INFO - [DONE] All Raw Data is ingested
[2026-03-15T12:34:19.078+0000] {python.py:201} INFO - Done. Returned value was: None
[2026-03-15T12:34:19.121+0000] {taskinstance.py:1138} INFO - Marking task as SUCCESS. dag_id=ingestion_pipeline, task_id=ingest_all_tables, execution_date=20260315T123414, start_date=20260315T123416, end_date=20260315T123419
[2026-03-15T12:34:19.245+0000] {local_task_job_runner.py:234} INFO - Task exited with return code 0
[2026-03-15T12:34:19.293+0000] {taskinstance.py:3280} INFO - 1 downstream tasks scheduled from follow-on schedule check
