[2026-03-15T11:39:38.525+0000] {manager.py:469} INFO - Processing files using up to 2 processes at a time 
[2026-03-15T11:39:38.527+0000] {manager.py:470} INFO - Process each file at most once every 30 seconds
[2026-03-15T11:39:38.528+0000] {manager.py:471} INFO - Checking for new files in /opt/airflow/dags every 300 seconds
[2026-03-15T11:39:38.529+0000] {manager.py:738} INFO - Searching for files in /opt/airflow/dags
[2026-03-15T11:39:38.567+0000] {manager.py:741} INFO - There are 1 files in /opt/airflow/dags
[2026-03-15T11:39:38.869+0000] {manager.py:879} INFO - 
================================================================================
DAG File Processing Stats

File Path                                 PID  Runtime      # DAGs    # Errors  Last Runtime    Last Run
--------------------------------------  -----  ---------  --------  ----------  --------------  ----------
/opt/airflow/dags/orchestration_dag.py    190  0.10s             0           0
================================================================================
[2026-03-15T11:40:09.218+0000] {manager.py:879} INFO - 
================================================================================
DAG File Processing Stats

File Path                               PID    Runtime      # DAGs    # Errors  Last Runtime    Last Run
--------------------------------------  -----  ---------  --------  ----------  --------------  -------------------
/opt/airflow/dags/orchestration_dag.py                           1           0  1.14s           2026-03-15T11:39:39
================================================================================
[2026-03-15T11:40:39.498+0000] {manager.py:879} INFO - 
================================================================================
DAG File Processing Stats

File Path                               PID    Runtime      # DAGs    # Errors  Last Runtime    Last Run
--------------------------------------  -----  ---------  --------  ----------  --------------  -------------------
/opt/airflow/dags/orchestration_dag.py                           1           0  0.28s           2026-03-15T11:40:10
================================================================================
[2026-03-15T11:41:10.045+0000] {manager.py:879} INFO - 
================================================================================
DAG File Processing Stats

File Path                               PID    Runtime      # DAGs    # Errors  Last Runtime    Last Run
--------------------------------------  -----  ---------  --------  ----------  --------------  -------------------
/opt/airflow/dags/orchestration_dag.py                           1           0  0.25s           2026-03-15T11:40:41
================================================================================
[2026-03-15T11:41:40.513+0000] {manager.py:879} INFO - 
================================================================================
DAG File Processing Stats

File Path                               PID    Runtime      # DAGs    # Errors  Last Runtime    Last Run
--------------------------------------  -----  ---------  --------  ----------  --------------  -------------------
/opt/airflow/dags/orchestration_dag.py                           1           0  0.25s           2026-03-15T11:41:11
================================================================================
[2026-03-15T11:42:10.791+0000] {manager.py:879} INFO - 
================================================================================
DAG File Processing Stats

File Path                               PID    Runtime      # DAGs    # Errors  Last Runtime    Last Run
--------------------------------------  -----  ---------  --------  ----------  --------------  -------------------
/opt/airflow/dags/orchestration_dag.py                           1           0  0.25s           2026-03-15T11:41:41
================================================================================
[2026-03-15T11:42:41.251+0000] {manager.py:879} INFO - 
================================================================================
DAG File Processing Stats

File Path                               PID    Runtime      # DAGs    # Errors  Last Runtime    Last Run
--------------------------------------  -----  ---------  --------  ----------  --------------  -------------------
/opt/airflow/dags/orchestration_dag.py                           1           0  0.25s           2026-03-15T11:42:12
================================================================================
[2026-03-15T11:43:11.532+0000] {manager.py:879} INFO - 
================================================================================
DAG File Processing Stats

File Path                               PID    Runtime      # DAGs    # Errors  Last Runtime    Last Run
--------------------------------------  -----  ---------  --------  ----------  --------------  -------------------
/opt/airflow/dags/orchestration_dag.py                           1           0  0.25s           2026-03-15T11:42:42
================================================================================
[2026-03-15T11:43:41.998+0000] {manager.py:879} INFO - 
================================================================================
DAG File Processing Stats

File Path                               PID    Runtime      # DAGs    # Errors  Last Runtime    Last Run
--------------------------------------  -----  ---------  --------  ----------  --------------  -------------------
/opt/airflow/dags/orchestration_dag.py                           1           0  0.23s           2026-03-15T11:43:12
================================================================================
[2026-03-15T11:44:12.265+0000] {manager.py:879} INFO - 
================================================================================
DAG File Processing Stats

File Path                               PID    Runtime      # DAGs    # Errors  Last Runtime    Last Run
--------------------------------------  -----  ---------  --------  ----------  --------------  -------------------
/opt/airflow/dags/orchestration_dag.py                           1           0  0.23s           2026-03-15T11:43:43
================================================================================
[2026-03-15T11:44:38.666+0000] {manager.py:738} INFO - Searching for files in /opt/airflow/dags
[2026-03-15T11:44:38.693+0000] {manager.py:741} INFO - There are 1 files in /opt/airflow/dags
[2026-03-15T11:44:42.749+0000] {manager.py:879} INFO - 
================================================================================
DAG File Processing Stats

File Path                               PID    Runtime      # DAGs    # Errors  Last Runtime    Last Run
--------------------------------------  -----  ---------  --------  ----------  --------------  -------------------
/opt/airflow/dags/orchestration_dag.py                           1           0  0.24s           2026-03-15T11:44:13
================================================================================
[2026-03-15T11:45:13.022+0000] {manager.py:879} INFO - 
================================================================================
DAG File Processing Stats

File Path                               PID    Runtime      # DAGs    # Errors  Last Runtime    Last Run
--------------------------------------  -----  ---------  --------  ----------  --------------  -------------------
/opt/airflow/dags/orchestration_dag.py                           1           0  0.22s           2026-03-15T11:44:43
================================================================================
[2026-03-15T11:45:43.449+0000] {manager.py:879} INFO - 
================================================================================
DAG File Processing Stats

File Path                               PID    Runtime      # DAGs    # Errors  Last Runtime    Last Run
--------------------------------------  -----  ---------  --------  ----------  --------------  -------------------
/opt/airflow/dags/orchestration_dag.py                           1           0  0.22s           2026-03-15T11:45:14
================================================================================
[2026-03-15T11:46:13.721+0000] {manager.py:879} INFO - 
================================================================================
DAG File Processing Stats

File Path                               PID    Runtime      # DAGs    # Errors  Last Runtime    Last Run
--------------------------------------  -----  ---------  --------  ----------  --------------  -------------------
/opt/airflow/dags/orchestration_dag.py                           1           0  0.22s           2026-03-15T11:45:44
================================================================================
[2026-03-15T11:46:44.161+0000] {manager.py:879} INFO - 
================================================================================
DAG File Processing Stats

File Path                               PID    Runtime      # DAGs    # Errors  Last Runtime    Last Run
--------------------------------------  -----  ---------  --------  ----------  --------------  -------------------
/opt/airflow/dags/orchestration_dag.py                           1           0  0.28s           2026-03-15T11:46:15
================================================================================
[2026-03-15T11:47:14.496+0000] {manager.py:879} INFO - 
================================================================================
DAG File Processing Stats

File Path                               PID    Runtime      # DAGs    # Errors  Last Runtime    Last Run
--------------------------------------  -----  ---------  --------  ----------  --------------  -------------------
/opt/airflow/dags/orchestration_dag.py                           1           0  0.24s           2026-03-15T11:46:45
================================================================================
[2026-03-15T11:47:44.876+0000] {manager.py:879} INFO - 
================================================================================
DAG File Processing Stats

File Path                               PID    Runtime      # DAGs    # Errors  Last Runtime    Last Run
--------------------------------------  -----  ---------  --------  ----------  --------------  -------------------
/opt/airflow/dags/orchestration_dag.py                           1           0  0.23s           2026-03-15T11:47:15
================================================================================
[2026-03-15T11:48:15.196+0000] {manager.py:879} INFO - 
================================================================================
DAG File Processing Stats

File Path                               PID    Runtime      # DAGs    # Errors  Last Runtime    Last Run
--------------------------------------  -----  ---------  --------  ----------  --------------  -------------------
/opt/airflow/dags/orchestration_dag.py                           1           0  0.23s           2026-03-15T11:47:46
================================================================================
[2026-03-15T11:48:45.591+0000] {manager.py:879} INFO - 
================================================================================
DAG File Processing Stats

File Path                               PID    Runtime      # DAGs    # Errors  Last Runtime    Last Run
--------------------------------------  -----  ---------  --------  ----------  --------------  -------------------
/opt/airflow/dags/orchestration_dag.py                           1           0  0.23s           2026-03-15T11:48:16
================================================================================
[2026-03-15T11:49:15.890+0000] {manager.py:879} INFO - 
================================================================================
DAG File Processing Stats

File Path                               PID    Runtime      # DAGs    # Errors  Last Runtime    Last Run
--------------------------------------  -----  ---------  --------  ----------  --------------  -------------------
/opt/airflow/dags/orchestration_dag.py                           1           0  0.25s           2026-03-15T11:48:46
================================================================================
[2026-03-15T11:49:39.265+0000] {manager.py:738} INFO - Searching for files in /opt/airflow/dags
[2026-03-15T11:49:39.292+0000] {manager.py:741} INFO - There are 1 files in /opt/airflow/dags
[2026-03-15T11:49:46.378+0000] {manager.py:879} INFO - 
================================================================================
DAG File Processing Stats

File Path                               PID    Runtime      # DAGs    # Errors  Last Runtime    Last Run
--------------------------------------  -----  ---------  --------  ----------  --------------  -------------------
/opt/airflow/dags/orchestration_dag.py                           1           0  0.23s           2026-03-15T11:49:17
================================================================================
[2026-03-15T11:50:16.647+0000] {manager.py:879} INFO - 
================================================================================
DAG File Processing Stats

File Path                               PID    Runtime      # DAGs    # Errors  Last Runtime    Last Run
--------------------------------------  -----  ---------  --------  ----------  --------------  -------------------
/opt/airflow/dags/orchestration_dag.py                           1           0  0.23s           2026-03-15T11:49:47
================================================================================
[2026-03-15T11:50:47.092+0000] {manager.py:879} INFO - 
================================================================================
DAG File Processing Stats

File Path                               PID    Runtime      # DAGs    # Errors  Last Runtime    Last Run
--------------------------------------  -----  ---------  --------  ----------  --------------  -------------------
/opt/airflow/dags/orchestration_dag.py                           1           0  0.23s           2026-03-15T11:50:17
================================================================================
[2026-03-15T11:51:17.377+0000] {manager.py:879} INFO - 
================================================================================
DAG File Processing Stats

File Path                               PID    Runtime      # DAGs    # Errors  Last Runtime    Last Run
--------------------------------------  -----  ---------  --------  ----------  --------------  -------------------
/opt/airflow/dags/orchestration_dag.py                           1           0  0.27s           2026-03-15T11:50:48
================================================================================
[2026-03-15T11:51:47.850+0000] {manager.py:879} INFO - 
================================================================================
DAG File Processing Stats

File Path                               PID    Runtime      # DAGs    # Errors  Last Runtime    Last Run
--------------------------------------  -----  ---------  --------  ----------  --------------  -------------------
/opt/airflow/dags/orchestration_dag.py                           1           0  0.24s           2026-03-15T11:51:18
================================================================================
[2026-03-15T11:52:18.121+0000] {manager.py:879} INFO - 
================================================================================
DAG File Processing Stats

File Path                               PID    Runtime      # DAGs    # Errors  Last Runtime    Last Run
--------------------------------------  -----  ---------  --------  ----------  --------------  -------------------
/opt/airflow/dags/orchestration_dag.py                           1           0  0.23s           2026-03-15T11:51:49
================================================================================
[2026-03-15T11:52:48.571+0000] {manager.py:879} INFO - 
================================================================================
DAG File Processing Stats

File Path                               PID    Runtime      # DAGs    # Errors  Last Runtime    Last Run
--------------------------------------  -----  ---------  --------  ----------  --------------  -------------------
/opt/airflow/dags/orchestration_dag.py                           1           0  0.23s           2026-03-15T11:52:19
================================================================================
[2026-03-15T11:53:18.834+0000] {manager.py:879} INFO - 
================================================================================
DAG File Processing Stats

File Path                               PID    Runtime      # DAGs    # Errors  Last Runtime    Last Run
--------------------------------------  -----  ---------  --------  ----------  --------------  -------------------
/opt/airflow/dags/orchestration_dag.py                           1           0  0.23s           2026-03-15T11:52:49
================================================================================
[2026-03-15T11:53:49.102+0000] {manager.py:879} INFO - 
================================================================================
DAG File Processing Stats

File Path                               PID    Runtime      # DAGs    # Errors  Last Runtime    Last Run
--------------------------------------  -----  ---------  --------  ----------  --------------  -------------------
/opt/airflow/dags/orchestration_dag.py                           1           0  0.27s           2026-03-15T11:53:48
================================================================================
[2026-03-15T11:54:19.954+0000] {manager.py:879} INFO - 
================================================================================
DAG File Processing Stats

File Path                               PID    Runtime      # DAGs    # Errors  Last Runtime    Last Run
--------------------------------------  -----  ---------  --------  ----------  --------------  -------------------
/opt/airflow/dags/orchestration_dag.py                           1           0  0.26s           2026-03-15T11:54:14
================================================================================
[2026-03-15T11:54:39.758+0000] {manager.py:738} INFO - Searching for files in /opt/airflow/dags
[2026-03-15T11:54:39.785+0000] {manager.py:741} INFO - There are 1 files in /opt/airflow/dags
[2026-03-15T11:54:50.233+0000] {manager.py:879} INFO - 
================================================================================
DAG File Processing Stats

File Path                               PID    Runtime      # DAGs    # Errors  Last Runtime    Last Run
--------------------------------------  -----  ---------  --------  ----------  --------------  -------------------
/opt/airflow/dags/orchestration_dag.py                           1           0  0.24s           2026-03-15T11:54:44
================================================================================
[2026-03-15T11:55:20.304+0000] {manager.py:879} INFO - 
================================================================================
DAG File Processing Stats

File Path                               PID    Runtime      # DAGs    # Errors  Last Runtime    Last Run
--------------------------------------  -----  ---------  --------  ----------  --------------  -------------------
/opt/airflow/dags/orchestration_dag.py                           1           0  0.25s           2026-03-15T11:55:19
================================================================================
[2026-03-15T11:55:50.813+0000] {manager.py:879} INFO - 
================================================================================
DAG File Processing Stats

File Path                               PID    Runtime      # DAGs    # Errors  Last Runtime    Last Run
--------------------------------------  -----  ---------  --------  ----------  --------------  -------------------
/opt/airflow/dags/orchestration_dag.py                           1           0  0.26s           2026-03-15T11:55:48
================================================================================
[2026-03-15T11:56:21.523+0000] {manager.py:879} INFO - 
================================================================================
DAG File Processing Stats

File Path                               PID    Runtime      # DAGs    # Errors  Last Runtime    Last Run
--------------------------------------  -----  ---------  --------  ----------  --------------  -------------------
/opt/airflow/dags/orchestration_dag.py                           1           0  0.24s           2026-03-15T11:55:59
================================================================================
[2026-03-15T11:56:52.364+0000] {manager.py:879} INFO - 
================================================================================
DAG File Processing Stats

File Path                               PID    Runtime      # DAGs    # Errors  Last Runtime    Last Run
--------------------------------------  -----  ---------  --------  ----------  --------------  -------------------
/opt/airflow/dags/orchestration_dag.py                           0           1  0.19s           2026-03-15T11:56:48
================================================================================
[2026-03-15T11:57:23.220+0000] {manager.py:879} INFO - 
================================================================================
DAG File Processing Stats

File Path                               PID    Runtime      # DAGs    # Errors  Last Runtime    Last Run
--------------------------------------  -----  ---------  --------  ----------  --------------  -------------------
/opt/airflow/dags/orchestration_dag.py                           0           1  0.16s           2026-03-15T11:57:19
================================================================================
[2026-03-15T11:57:53.327+0000] {manager.py:879} INFO - 
================================================================================
DAG File Processing Stats

File Path                               PID    Runtime      # DAGs    # Errors  Last Runtime    Last Run
--------------------------------------  -----  ---------  --------  ----------  --------------  -------------------
/opt/airflow/dags/orchestration_dag.py                           0           1  0.16s           2026-03-15T11:57:52
================================================================================
[2026-03-15T11:58:24.102+0000] {manager.py:879} INFO - 
================================================================================
DAG File Processing Stats

File Path                               PID    Runtime      # DAGs    # Errors  Last Runtime    Last Run
--------------------------------------  -----  ---------  --------  ----------  --------------  -------------------
/opt/airflow/dags/orchestration_dag.py                           0           1  0.17s           2026-03-15T11:58:18
================================================================================
[2026-03-15T11:58:54.599+0000] {manager.py:879} INFO - 
================================================================================
DAG File Processing Stats

File Path                               PID    Runtime      # DAGs    # Errors  Last Runtime    Last Run
--------------------------------------  -----  ---------  --------  ----------  --------------  -------------------
/opt/airflow/dags/orchestration_dag.py                           1           0  0.26s           2026-03-15T11:58:53
================================================================================
[2026-03-15T11:59:25.106+0000] {manager.py:879} INFO - 
================================================================================
DAG File Processing Stats

File Path                               PID    Runtime      # DAGs    # Errors  Last Runtime    Last Run
--------------------------------------  -----  ---------  --------  ----------  --------------  -------------------
/opt/airflow/dags/orchestration_dag.py                           1           0  0.42s           2026-03-15T11:59:24
================================================================================
[2026-03-15T11:59:40.229+0000] {manager.py:738} INFO - Searching for files in /opt/airflow/dags
[2026-03-15T11:59:40.256+0000] {manager.py:741} INFO - There are 1 files in /opt/airflow/dags
[2026-03-15T11:59:55.781+0000] {manager.py:879} INFO - 
================================================================================
DAG File Processing Stats

File Path                               PID    Runtime      # DAGs    # Errors  Last Runtime    Last Run
--------------------------------------  -----  ---------  --------  ----------  --------------  -------------------
/opt/airflow/dags/orchestration_dag.py                           1           0  0.29s           2026-03-15T11:59:55
================================================================================
[2026-03-15T12:00:26.309+0000] {manager.py:879} INFO - 
================================================================================
DAG File Processing Stats

File Path                               PID    Runtime      # DAGs    # Errors  Last Runtime    Last Run
--------------------------------------  -----  ---------  --------  ----------  --------------  -------------------
/opt/airflow/dags/orchestration_dag.py                           1           0  0.25s           2026-03-15T12:00:25
================================================================================
[2026-03-15T12:00:56.812+0000] {manager.py:879} INFO - 
================================================================================
DAG File Processing Stats

File Path                               PID    Runtime      # DAGs    # Errors  Last Runtime    Last Run
--------------------------------------  -----  ---------  --------  ----------  --------------  -------------------
/opt/airflow/dags/orchestration_dag.py                           1           0  0.30s           2026-03-15T12:00:44
================================================================================
[2026-03-15T12:01:27.095+0000] {manager.py:879} INFO - 
================================================================================
DAG File Processing Stats

File Path                               PID    Runtime      # DAGs    # Errors  Last Runtime    Last Run
--------------------------------------  -----  ---------  --------  ----------  --------------  -------------------
/opt/airflow/dags/orchestration_dag.py                           1           0  0.31s           2026-03-15T12:01:15
================================================================================
[2026-03-15T12:01:57.620+0000] {manager.py:879} INFO - 
================================================================================
DAG File Processing Stats

File Path                               PID    Runtime      # DAGs    # Errors  Last Runtime    Last Run
--------------------------------------  -----  ---------  --------  ----------  --------------  -------------------
/opt/airflow/dags/orchestration_dag.py                           1           0  0.27s           2026-03-15T12:01:45
================================================================================
[2026-03-15T12:02:28.134+0000] {manager.py:879} INFO - 
================================================================================
DAG File Processing Stats

File Path                               PID    Runtime      # DAGs    # Errors  Last Runtime    Last Run
--------------------------------------  -----  ---------  --------  ----------  --------------  -------------------
/opt/airflow/dags/orchestration_dag.py                           1           0  0.24s           2026-03-15T12:02:16
================================================================================
[2026-03-15T12:02:58.637+0000] {manager.py:879} INFO - 
================================================================================
DAG File Processing Stats

File Path                               PID    Runtime      # DAGs    # Errors  Last Runtime    Last Run
--------------------------------------  -----  ---------  --------  ----------  --------------  -------------------
/opt/airflow/dags/orchestration_dag.py                           1           0  0.29s           2026-03-15T12:02:46
================================================================================
[2026-03-15T12:03:28.927+0000] {manager.py:879} INFO - 
================================================================================
DAG File Processing Stats

File Path                               PID    Runtime      # DAGs    # Errors  Last Runtime    Last Run
--------------------------------------  -----  ---------  --------  ----------  --------------  -------------------
/opt/airflow/dags/orchestration_dag.py                           1           0  0.26s           2026-03-15T12:03:17
================================================================================
[2026-03-15T12:03:59.366+0000] {manager.py:879} INFO - 
================================================================================
DAG File Processing Stats

File Path                               PID    Runtime      # DAGs    # Errors  Last Runtime    Last Run
--------------------------------------  -----  ---------  --------  ----------  --------------  -------------------
/opt/airflow/dags/orchestration_dag.py                           1           0  0.23s           2026-03-15T12:03:47
================================================================================
[2026-03-15T12:04:29.678+0000] {manager.py:879} INFO - 
================================================================================
DAG File Processing Stats

File Path                               PID    Runtime      # DAGs    # Errors  Last Runtime    Last Run
--------------------------------------  -----  ---------  --------  ----------  --------------  -------------------
/opt/airflow/dags/orchestration_dag.py                           1           0  0.67s           2026-03-15T12:04:18
================================================================================
[2026-03-15T12:04:40.403+0000] {manager.py:738} INFO - Searching for files in /opt/airflow/dags
[2026-03-15T12:04:40.431+0000] {manager.py:741} INFO - There are 1 files in /opt/airflow/dags
[2026-03-15T12:04:59.916+0000] {manager.py:879} INFO - 
================================================================================
DAG File Processing Stats

File Path                               PID    Runtime      # DAGs    # Errors  Last Runtime    Last Run
--------------------------------------  -----  ---------  --------  ----------  --------------  -------------------
/opt/airflow/dags/orchestration_dag.py                           1           0  0.29s           2026-03-15T12:04:48
================================================================================
[2026-03-15T12:05:30.173+0000] {manager.py:879} INFO - 
================================================================================
DAG File Processing Stats

File Path                               PID    Runtime      # DAGs    # Errors  Last Runtime    Last Run
--------------------------------------  -----  ---------  --------  ----------  --------------  -------------------
/opt/airflow/dags/orchestration_dag.py                           1           0  0.34s           2026-03-15T12:05:19
================================================================================
[2026-03-15T12:06:00.278+0000] {manager.py:879} INFO - 
================================================================================
DAG File Processing Stats

File Path                               PID    Runtime      # DAGs    # Errors  Last Runtime    Last Run
--------------------------------------  -----  ---------  --------  ----------  --------------  -------------------
/opt/airflow/dags/orchestration_dag.py                           1           0  0.49s           2026-03-15T12:05:50
================================================================================
[2026-03-15T12:06:30.574+0000] {manager.py:879} INFO - 
================================================================================
DAG File Processing Stats

File Path                               PID    Runtime      # DAGs    # Errors  Last Runtime    Last Run
--------------------------------------  -----  ---------  --------  ----------  --------------  -------------------
/opt/airflow/dags/orchestration_dag.py                           1           0  0.42s           2026-03-15T12:06:20
================================================================================
[2026-03-15T12:07:01.260+0000] {manager.py:879} INFO - 
================================================================================
DAG File Processing Stats

File Path                               PID    Runtime      # DAGs    # Errors  Last Runtime    Last Run
--------------------------------------  -----  ---------  --------  ----------  --------------  -------------------
/opt/airflow/dags/orchestration_dag.py                           1           0  0.26s           2026-03-15T12:06:51
================================================================================
[2026-03-15T12:07:31.762+0000] {manager.py:879} INFO - 
================================================================================
DAG File Processing Stats

File Path                               PID    Runtime      # DAGs    # Errors  Last Runtime    Last Run
--------------------------------------  -----  ---------  --------  ----------  --------------  -------------------
/opt/airflow/dags/orchestration_dag.py                           1           0  0.23s           2026-03-15T12:07:21
================================================================================
[2026-03-15T12:08:02.217+0000] {manager.py:879} INFO - 
================================================================================
DAG File Processing Stats

File Path                               PID    Runtime      # DAGs    # Errors  Last Runtime    Last Run
--------------------------------------  -----  ---------  --------  ----------  --------------  -------------------
/opt/airflow/dags/orchestration_dag.py                           1           0  0.22s           2026-03-15T12:07:52
================================================================================
[2026-03-15T12:08:32.493+0000] {manager.py:879} INFO - 
================================================================================
DAG File Processing Stats

File Path                               PID    Runtime      # DAGs    # Errors  Last Runtime    Last Run
--------------------------------------  -----  ---------  --------  ----------  --------------  -------------------
/opt/airflow/dags/orchestration_dag.py                           1           0  0.23s           2026-03-15T12:08:22
================================================================================
[2026-03-15T12:09:02.947+0000] {manager.py:879} INFO - 
================================================================================
DAG File Processing Stats

File Path                               PID    Runtime      # DAGs    # Errors  Last Runtime    Last Run
--------------------------------------  -----  ---------  --------  ----------  --------------  -------------------
/opt/airflow/dags/orchestration_dag.py                           1           0  0.21s           2026-03-15T12:08:52
================================================================================
[2026-03-15T12:09:33.225+0000] {manager.py:879} INFO - 
================================================================================
DAG File Processing Stats

File Path                               PID    Runtime      # DAGs    # Errors  Last Runtime    Last Run
--------------------------------------  -----  ---------  --------  ----------  --------------  -------------------
/opt/airflow/dags/orchestration_dag.py                           1           0  0.25s           2026-03-15T12:09:23
================================================================================
[2026-03-15T12:09:40.506+0000] {manager.py:738} INFO - Searching for files in /opt/airflow/dags
[2026-03-15T12:09:40.538+0000] {manager.py:741} INFO - There are 1 files in /opt/airflow/dags
[2026-03-15T12:10:03.509+0000] {manager.py:879} INFO - 
================================================================================
DAG File Processing Stats

File Path                               PID    Runtime      # DAGs    # Errors  Last Runtime    Last Run
--------------------------------------  -----  ---------  --------  ----------  --------------  -------------------
/opt/airflow/dags/orchestration_dag.py                           1           0  0.25s           2026-03-15T12:09:53
================================================================================
[2026-03-15T12:10:33.972+0000] {manager.py:879} INFO - 
================================================================================
DAG File Processing Stats

File Path                               PID    Runtime      # DAGs    # Errors  Last Runtime    Last Run
--------------------------------------  -----  ---------  --------  ----------  --------------  -------------------
/opt/airflow/dags/orchestration_dag.py                           1           0  0.22s           2026-03-15T12:10:23
================================================================================
[2026-03-15T12:11:04.254+0000] {manager.py:879} INFO - 
================================================================================
DAG File Processing Stats

File Path                               PID    Runtime      # DAGs    # Errors  Last Runtime    Last Run
--------------------------------------  -----  ---------  --------  ----------  --------------  -------------------
/opt/airflow/dags/orchestration_dag.py                           1           0  0.24s           2026-03-15T12:10:54
================================================================================
[2026-03-15T12:11:34.562+0000] {manager.py:879} INFO - 
================================================================================
DAG File Processing Stats

File Path                               PID    Runtime      # DAGs    # Errors  Last Runtime    Last Run
--------------------------------------  -----  ---------  --------  ----------  --------------  -------------------
/opt/airflow/dags/orchestration_dag.py                           1           0  0.26s           2026-03-15T12:11:24
================================================================================
[2026-03-15T12:12:05.034+0000] {manager.py:879} INFO - 
================================================================================
DAG File Processing Stats

File Path                               PID    Runtime      # DAGs    # Errors  Last Runtime    Last Run
--------------------------------------  -----  ---------  --------  ----------  --------------  -------------------
/opt/airflow/dags/orchestration_dag.py                           1           0  0.33s           2026-03-15T12:11:55
================================================================================
[2026-03-15T12:12:35.422+0000] {manager.py:879} INFO - 
================================================================================
DAG File Processing Stats

File Path                               PID    Runtime      # DAGs    # Errors  Last Runtime    Last Run
--------------------------------------  -----  ---------  --------  ----------  --------------  -------------------
/opt/airflow/dags/orchestration_dag.py                           1           0  0.26s           2026-03-15T12:12:25
================================================================================
[2026-03-15T12:13:05.860+0000] {manager.py:879} INFO - 
================================================================================
DAG File Processing Stats

File Path                               PID    Runtime      # DAGs    # Errors  Last Runtime    Last Run
--------------------------------------  -----  ---------  --------  ----------  --------------  -------------------
/opt/airflow/dags/orchestration_dag.py                           1           0  0.25s           2026-03-15T12:12:55
================================================================================
[2026-03-15T12:13:36.198+0000] {manager.py:879} INFO - 
================================================================================
DAG File Processing Stats

File Path                               PID    Runtime      # DAGs    # Errors  Last Runtime    Last Run
--------------------------------------  -----  ---------  --------  ----------  --------------  -------------------
/opt/airflow/dags/orchestration_dag.py                           1           0  0.21s           2026-03-15T12:13:26
================================================================================
[2026-03-15T12:14:06.585+0000] {manager.py:879} INFO - 
================================================================================
DAG File Processing Stats

File Path                               PID    Runtime      # DAGs    # Errors  Last Runtime    Last Run
--------------------------------------  -----  ---------  --------  ----------  --------------  -------------------
/opt/airflow/dags/orchestration_dag.py                           1           0  0.27s           2026-03-15T12:13:56
================================================================================
[2026-03-15T12:14:36.979+0000] {manager.py:879} INFO - 
================================================================================
DAG File Processing Stats

File Path                               PID    Runtime      # DAGs    # Errors  Last Runtime    Last Run
--------------------------------------  -----  ---------  --------  ----------  --------------  -------------------
/opt/airflow/dags/orchestration_dag.py                           1           0  0.23s           2026-03-15T12:14:26
================================================================================
[2026-03-15T12:14:41.008+0000] {manager.py:738} INFO - Searching for files in /opt/airflow/dags
[2026-03-15T12:14:41.033+0000] {manager.py:741} INFO - There are 1 files in /opt/airflow/dags
[2026-03-15T12:15:07.303+0000] {manager.py:879} INFO - 
================================================================================
DAG File Processing Stats

File Path                               PID    Runtime      # DAGs    # Errors  Last Runtime    Last Run
--------------------------------------  -----  ---------  --------  ----------  --------------  -------------------
/opt/airflow/dags/orchestration_dag.py                           1           0  0.21s           2026-03-15T12:14:57
================================================================================
[2026-03-15T12:15:37.746+0000] {manager.py:879} INFO - 
================================================================================
DAG File Processing Stats

File Path                               PID    Runtime      # DAGs    # Errors  Last Runtime    Last Run
--------------------------------------  -----  ---------  --------  ----------  --------------  -------------------
/opt/airflow/dags/orchestration_dag.py                           1           0  0.23s           2026-03-15T12:15:27
================================================================================
[2026-03-15T12:16:08.057+0000] {manager.py:879} INFO - 
================================================================================
DAG File Processing Stats

File Path                               PID    Runtime      # DAGs    # Errors  Last Runtime    Last Run
--------------------------------------  -----  ---------  --------  ----------  --------------  -------------------
/opt/airflow/dags/orchestration_dag.py                           1           0  0.30s           2026-03-15T12:15:58
================================================================================
[2026-03-15T12:16:38.592+0000] {manager.py:879} INFO - 
================================================================================
DAG File Processing Stats

File Path                               PID    Runtime      # DAGs    # Errors  Last Runtime    Last Run
--------------------------------------  -----  ---------  --------  ----------  --------------  -------------------
/opt/airflow/dags/orchestration_dag.py                           1           0  0.35s           2026-03-15T12:16:28
================================================================================
[2026-03-15T12:17:09.172+0000] {manager.py:879} INFO - 
================================================================================
DAG File Processing Stats

File Path                               PID    Runtime      # DAGs    # Errors  Last Runtime    Last Run
--------------------------------------  -----  ---------  --------  ----------  --------------  -------------------
/opt/airflow/dags/orchestration_dag.py                           1           0  0.22s           2026-03-15T12:16:59
================================================================================
[2026-03-15T12:17:39.653+0000] {manager.py:879} INFO - 
================================================================================
DAG File Processing Stats

File Path                               PID    Runtime      # DAGs    # Errors  Last Runtime    Last Run
--------------------------------------  -----  ---------  --------  ----------  --------------  -------------------
/opt/airflow/dags/orchestration_dag.py                           1           0  0.38s           2026-03-15T12:17:29
================================================================================
[2026-03-15T12:18:10.074+0000] {manager.py:879} INFO - 
================================================================================
DAG File Processing Stats

File Path                               PID    Runtime      # DAGs    # Errors  Last Runtime    Last Run
--------------------------------------  -----  ---------  --------  ----------  --------------  -------------------
/opt/airflow/dags/orchestration_dag.py                           1           0  0.25s           2026-03-15T12:18:00
================================================================================
[2026-03-15T12:18:40.392+0000] {manager.py:879} INFO - 
================================================================================
DAG File Processing Stats

File Path                               PID    Runtime      # DAGs    # Errors  Last Runtime    Last Run
--------------------------------------  -----  ---------  --------  ----------  --------------  -------------------
/opt/airflow/dags/orchestration_dag.py                           1           0  0.23s           2026-03-15T12:18:30
================================================================================
[2026-03-15T12:19:10.854+0000] {manager.py:879} INFO - 
================================================================================
DAG File Processing Stats

File Path                               PID    Runtime      # DAGs    # Errors  Last Runtime    Last Run
--------------------------------------  -----  ---------  --------  ----------  --------------  -------------------
/opt/airflow/dags/orchestration_dag.py                           1           0  0.23s           2026-03-15T12:19:00
================================================================================
[2026-03-15T12:19:41.152+0000] {manager.py:738} INFO - Searching for files in /opt/airflow/dags
[2026-03-15T12:19:41.179+0000] {manager.py:741} INFO - There are 1 files in /opt/airflow/dags
[2026-03-15T12:19:41.204+0000] {manager.py:879} INFO - 
================================================================================
DAG File Processing Stats

File Path                               PID    Runtime      # DAGs    # Errors  Last Runtime    Last Run
--------------------------------------  -----  ---------  --------  ----------  --------------  -------------------
/opt/airflow/dags/orchestration_dag.py                           1           0  0.28s           2026-03-15T12:19:31
================================================================================
[2026-03-15T12:20:11.643+0000] {manager.py:879} INFO - 
================================================================================
DAG File Processing Stats

File Path                               PID    Runtime      # DAGs    # Errors  Last Runtime    Last Run
--------------------------------------  -----  ---------  --------  ----------  --------------  -------------------
/opt/airflow/dags/orchestration_dag.py                           1           0  0.27s           2026-03-15T12:20:01
================================================================================
[2026-03-15T12:20:41.969+0000] {manager.py:879} INFO - 
================================================================================
DAG File Processing Stats

File Path                               PID    Runtime      # DAGs    # Errors  Last Runtime    Last Run
--------------------------------------  -----  ---------  --------  ----------  --------------  -------------------
/opt/airflow/dags/orchestration_dag.py                           1           0  0.23s           2026-03-15T12:20:32
================================================================================
[2026-03-15T12:21:12.391+0000] {manager.py:879} INFO - 
================================================================================
DAG File Processing Stats

File Path                               PID    Runtime      # DAGs    # Errors  Last Runtime    Last Run
--------------------------------------  -----  ---------  --------  ----------  --------------  -------------------
/opt/airflow/dags/orchestration_dag.py                           1           0  0.25s           2026-03-15T12:21:02
================================================================================
[2026-03-15T12:21:42.772+0000] {manager.py:879} INFO - 
================================================================================
DAG File Processing Stats

File Path                               PID    Runtime      # DAGs    # Errors  Last Runtime    Last Run
--------------------------------------  -----  ---------  --------  ----------  --------------  -------------------
/opt/airflow/dags/orchestration_dag.py                           1           0  0.38s           2026-03-15T12:21:32
================================================================================
[2026-03-15T12:22:13.376+0000] {manager.py:879} INFO - 
================================================================================
DAG File Processing Stats

File Path                               PID    Runtime      # DAGs    # Errors  Last Runtime    Last Run
--------------------------------------  -----  ---------  --------  ----------  --------------  -------------------
/opt/airflow/dags/orchestration_dag.py                           1           0  0.32s           2026-03-15T12:22:03
================================================================================
[2026-03-15T12:22:43.944+0000] {manager.py:879} INFO - 
================================================================================
DAG File Processing Stats

File Path                               PID    Runtime      # DAGs    # Errors  Last Runtime    Last Run
--------------------------------------  -----  ---------  --------  ----------  --------------  -------------------
/opt/airflow/dags/orchestration_dag.py                           1           0  0.26s           2026-03-15T12:22:34
================================================================================
[2026-03-15T12:23:14.474+0000] {manager.py:879} INFO - 
================================================================================
DAG File Processing Stats

File Path                               PID    Runtime      # DAGs    # Errors  Last Runtime    Last Run
--------------------------------------  -----  ---------  --------  ----------  --------------  -------------------
/opt/airflow/dags/orchestration_dag.py                           1           0  0.26s           2026-03-15T12:23:04
================================================================================
[2026-03-15T12:23:44.962+0000] {manager.py:879} INFO - 
================================================================================
DAG File Processing Stats

File Path                               PID    Runtime      # DAGs    # Errors  Last Runtime    Last Run
--------------------------------------  -----  ---------  --------  ----------  --------------  -------------------
/opt/airflow/dags/orchestration_dag.py                           1           0  0.22s           2026-03-15T12:23:35
================================================================================
[2026-03-15T12:24:15.415+0000] {manager.py:879} INFO - 
================================================================================
DAG File Processing Stats

File Path                               PID    Runtime      # DAGs    # Errors  Last Runtime    Last Run
--------------------------------------  -----  ---------  --------  ----------  --------------  -------------------
/opt/airflow/dags/orchestration_dag.py                           1           0  0.22s           2026-03-15T12:24:05
================================================================================
[2026-03-15T12:24:41.667+0000] {manager.py:738} INFO - Searching for files in /opt/airflow/dags
[2026-03-15T12:24:41.695+0000] {manager.py:741} INFO - There are 1 files in /opt/airflow/dags
[2026-03-15T12:24:45.749+0000] {manager.py:879} INFO - 
================================================================================
DAG File Processing Stats

File Path                               PID    Runtime      # DAGs    # Errors  Last Runtime    Last Run
--------------------------------------  -----  ---------  --------  ----------  --------------  -------------------
/opt/airflow/dags/orchestration_dag.py                           1           0  0.21s           2026-03-15T12:24:35
================================================================================
[2026-03-15T12:25:16.133+0000] {manager.py:879} INFO - 
================================================================================
DAG File Processing Stats

File Path                               PID    Runtime      # DAGs    # Errors  Last Runtime    Last Run
--------------------------------------  -----  ---------  --------  ----------  --------------  -------------------
/opt/airflow/dags/orchestration_dag.py                           1           0  0.23s           2026-03-15T12:25:06
================================================================================
[2026-03-15T12:25:46.462+0000] {manager.py:879} INFO - 
================================================================================
DAG File Processing Stats

File Path                               PID    Runtime      # DAGs    # Errors  Last Runtime    Last Run
--------------------------------------  -----  ---------  --------  ----------  --------------  -------------------
/opt/airflow/dags/orchestration_dag.py                           1           0  0.22s           2026-03-15T12:25:36
================================================================================
[2026-03-15T12:26:16.857+0000] {manager.py:879} INFO - 
================================================================================
DAG File Processing Stats

File Path                               PID    Runtime      # DAGs    # Errors  Last Runtime    Last Run
--------------------------------------  -----  ---------  --------  ----------  --------------  -------------------
/opt/airflow/dags/orchestration_dag.py                           1           0  0.23s           2026-03-15T12:26:06
================================================================================
[2026-03-15T12:26:47.194+0000] {manager.py:879} INFO - 
================================================================================
DAG File Processing Stats

File Path                               PID    Runtime      # DAGs    # Errors  Last Runtime    Last Run
--------------------------------------  -----  ---------  --------  ----------  --------------  -------------------
/opt/airflow/dags/orchestration_dag.py                           1           0  0.23s           2026-03-15T12:26:37
================================================================================
[2026-03-15T12:27:17.578+0000] {manager.py:879} INFO - 
================================================================================
DAG File Processing Stats

File Path                               PID    Runtime      # DAGs    # Errors  Last Runtime    Last Run
--------------------------------------  -----  ---------  --------  ----------  --------------  -------------------
/opt/airflow/dags/orchestration_dag.py                           1           0  0.23s           2026-03-15T12:27:07
================================================================================
[2026-03-15T12:27:47.906+0000] {manager.py:879} INFO - 
================================================================================
DAG File Processing Stats

File Path                               PID    Runtime      # DAGs    # Errors  Last Runtime    Last Run
--------------------------------------  -----  ---------  --------  ----------  --------------  -------------------
/opt/airflow/dags/orchestration_dag.py                           1           0  0.23s           2026-03-15T12:27:37
================================================================================
[2026-03-15T12:28:18.274+0000] {manager.py:879} INFO - 
================================================================================
DAG File Processing Stats

File Path                               PID    Runtime      # DAGs    # Errors  Last Runtime    Last Run
--------------------------------------  -----  ---------  --------  ----------  --------------  -------------------
/opt/airflow/dags/orchestration_dag.py                           1           0  0.22s           2026-03-15T12:28:08
================================================================================
[2026-03-15T12:28:48.618+0000] {manager.py:879} INFO - 
================================================================================
DAG File Processing Stats

File Path                               PID    Runtime      # DAGs    # Errors  Last Runtime    Last Run
--------------------------------------  -----  ---------  --------  ----------  --------------  -------------------
/opt/airflow/dags/orchestration_dag.py                           1           0  0.28s           2026-03-15T12:28:38
================================================================================
[2026-03-15T12:29:19.033+0000] {manager.py:879} INFO - 
================================================================================
DAG File Processing Stats

File Path                               PID    Runtime      # DAGs    # Errors  Last Runtime    Last Run
--------------------------------------  -----  ---------  --------  ----------  --------------  -------------------
/opt/airflow/dags/orchestration_dag.py                           1           0  0.23s           2026-03-15T12:29:09
================================================================================
[2026-03-15T12:29:42.276+0000] {manager.py:738} INFO - Searching for files in /opt/airflow/dags
[2026-03-15T12:29:42.302+0000] {manager.py:741} INFO - There are 1 files in /opt/airflow/dags
[2026-03-15T12:29:49.378+0000] {manager.py:879} INFO - 
================================================================================
DAG File Processing Stats

File Path                               PID    Runtime      # DAGs    # Errors  Last Runtime    Last Run
--------------------------------------  -----  ---------  --------  ----------  --------------  -------------------
/opt/airflow/dags/orchestration_dag.py                           1           0  0.23s           2026-03-15T12:29:39
================================================================================
[2026-03-15T12:30:19.755+0000] {manager.py:879} INFO - 
================================================================================
DAG File Processing Stats

File Path                               PID    Runtime      # DAGs    # Errors  Last Runtime    Last Run
--------------------------------------  -----  ---------  --------  ----------  --------------  -------------------
/opt/airflow/dags/orchestration_dag.py                           1           0  0.23s           2026-03-15T12:30:09
================================================================================
[2026-03-15T12:30:50.235+0000] {manager.py:879} INFO - 
================================================================================
DAG File Processing Stats

File Path                               PID    Runtime      # DAGs    # Errors  Last Runtime    Last Run
--------------------------------------  -----  ---------  --------  ----------  --------------  -------------------
/opt/airflow/dags/orchestration_dag.py                           1           0  0.27s           2026-03-15T12:30:47
================================================================================
[2026-03-15T12:31:20.616+0000] {manager.py:879} INFO - 
================================================================================
DAG File Processing Stats

File Path                               PID    Runtime      # DAGs    # Errors  Last Runtime    Last Run
--------------------------------------  -----  ---------  --------  ----------  --------------  -------------------
/opt/airflow/dags/orchestration_dag.py                           1           0  0.23s           2026-03-15T12:31:17
================================================================================
[2026-03-15T12:31:50.960+0000] {manager.py:879} INFO - 
================================================================================
DAG File Processing Stats

File Path                               PID    Runtime      # DAGs    # Errors  Last Runtime    Last Run
--------------------------------------  -----  ---------  --------  ----------  --------------  -------------------
/opt/airflow/dags/orchestration_dag.py                           1           0  0.24s           2026-03-15T12:31:48
================================================================================
[2026-03-15T12:32:21.395+0000] {manager.py:879} INFO - 
================================================================================
DAG File Processing Stats

File Path                               PID    Runtime      # DAGs    # Errors  Last Runtime    Last Run
--------------------------------------  -----  ---------  --------  ----------  --------------  -------------------
/opt/airflow/dags/orchestration_dag.py                           1           0  0.31s           2026-03-15T12:32:18
================================================================================
[2026-03-15T12:32:51.795+0000] {manager.py:879} INFO - 
================================================================================
DAG File Processing Stats

File Path                               PID    Runtime      # DAGs    # Errors  Last Runtime    Last Run
--------------------------------------  -----  ---------  --------  ----------  --------------  -------------------
/opt/airflow/dags/orchestration_dag.py                           1           0  0.30s           2026-03-15T12:32:48
================================================================================
[2026-03-15T12:33:22.193+0000] {manager.py:879} INFO - 
================================================================================
DAG File Processing Stats

File Path                               PID    Runtime      # DAGs    # Errors  Last Runtime    Last Run
--------------------------------------  -----  ---------  --------  ----------  --------------  -------------------
/opt/airflow/dags/orchestration_dag.py                           1           0  0.25s           2026-03-15T12:33:19
================================================================================
[2026-03-15T12:33:52.549+0000] {manager.py:879} INFO - 
================================================================================
DAG File Processing Stats

File Path                               PID    Runtime      # DAGs    # Errors  Last Runtime    Last Run
--------------------------------------  -----  ---------  --------  ----------  --------------  -------------------
/opt/airflow/dags/orchestration_dag.py                           1           0  0.26s           2026-03-15T12:33:49
================================================================================
[2026-03-15T12:34:22.980+0000] {manager.py:879} INFO - 
================================================================================
DAG File Processing Stats

File Path                               PID    Runtime      # DAGs    # Errors  Last Runtime    Last Run
--------------------------------------  -----  ---------  --------  ----------  --------------  -------------------
/opt/airflow/dags/orchestration_dag.py                           1           0  0.32s           2026-03-15T12:34:20
================================================================================
[2026-03-15T12:34:42.284+0000] {manager.py:738} INFO - Searching for files in /opt/airflow/dags
[2026-03-15T12:34:42.316+0000] {manager.py:741} INFO - There are 1 files in /opt/airflow/dags
[2026-03-15T12:34:53.429+0000] {manager.py:879} INFO - 
================================================================================
DAG File Processing Stats

File Path                               PID    Runtime      # DAGs    # Errors  Last Runtime    Last Run
--------------------------------------  -----  ---------  --------  ----------  --------------  -------------------
/opt/airflow/dags/orchestration_dag.py                           1           0  0.25s           2026-03-15T12:34:50
================================================================================
[2026-03-15T12:35:23.727+0000] {manager.py:879} INFO - 
================================================================================
DAG File Processing Stats

File Path                               PID    Runtime      # DAGs    # Errors  Last Runtime    Last Run
--------------------------------------  -----  ---------  --------  ----------  --------------  -------------------
/opt/airflow/dags/orchestration_dag.py                           1           0  0.22s           2026-03-15T12:35:20
================================================================================
[2026-03-15T12:35:54.155+0000] {manager.py:879} INFO - 
================================================================================
DAG File Processing Stats

File Path                               PID    Runtime      # DAGs    # Errors  Last Runtime    Last Run
--------------------------------------  -----  ---------  --------  ----------  --------------  -------------------
/opt/airflow/dags/orchestration_dag.py                           1           0  0.22s           2026-03-15T12:35:51
================================================================================
[2026-03-15T12:36:24.439+0000] {manager.py:879} INFO - 
================================================================================
DAG File Processing Stats

File Path                               PID    Runtime      # DAGs    # Errors  Last Runtime    Last Run
--------------------------------------  -----  ---------  --------  ----------  --------------  -------------------
/opt/airflow/dags/orchestration_dag.py                           1           0  0.22s           2026-03-15T12:36:21
================================================================================
[2026-03-15T12:36:54.875+0000] {manager.py:879} INFO - 
================================================================================
DAG File Processing Stats

File Path                               PID    Runtime      # DAGs    # Errors  Last Runtime    Last Run
--------------------------------------  -----  ---------  --------  ----------  --------------  -------------------
/opt/airflow/dags/orchestration_dag.py                           1           0  0.22s           2026-03-15T12:36:51
================================================================================
[2026-03-15T12:37:25.152+0000] {manager.py:879} INFO - 
================================================================================
DAG File Processing Stats

File Path                               PID    Runtime      # DAGs    # Errors  Last Runtime    Last Run
--------------------------------------  -----  ---------  --------  ----------  --------------  -------------------
/opt/airflow/dags/orchestration_dag.py                           1           0  0.24s           2026-03-15T12:37:22
================================================================================
[2026-03-15T12:37:46.353+0000] {manager.py:451} INFO - Exiting gracefully upon receiving signal 15
